<?xml version="1.0" encoding="UTF-8"?>
<!-- Generated by org.testng.reporters.JUnitReportReporter -->
<testsuite hostname="shweta-To-be-filled-by-O-E-M" name="page.test.EULATest" tests="1" failures="0" timestamp="14 Sep 2017 06:53:14 GMT" time="120.984" errors="0">
  <testcase name="EULAActivities" time="120.984" classname="page.test.EULATest"/>
</testsuite> <!-- page.test.EULATest -->
