<?xml version="1.0" encoding="UTF-8"?>
<!-- Generated by org.testng.reporters.JUnitReportReporter -->
<testsuite hostname="AmaanMemon" name="page.test.IntroductionTest" tests="1" failures="0" timestamp="29 May 2017 10:55:08 GMT" time="17.704" errors="0">
  <testcase name="IntroductionScreen" time="17.704" classname="page.test.IntroductionTest"/>
</testsuite> <!-- page.test.IntroductionTest -->
