<?xml version="1.0" encoding="UTF-8"?>
<!-- Generated by org.testng.reporters.JUnitReportReporter -->
<testsuite hostname="shweta-To-be-filled-by-O-E-M" name="page.test.SettingsTest" tests="1" failures="0" timestamp="14 Sep 2017 06:53:14 GMT" time="0.047" errors="0">
  <testcase name="Settings" time="0.047" classname="page.test.SettingsTest"/>
</testsuite> <!-- page.test.SettingsTest -->
