<?xml version="1.0" encoding="UTF-8"?>
<!-- Generated by org.testng.reporters.JUnitReportReporter -->
<testsuite hostname="lp7606.people.local" name="page.test.LoginTest" tests="1" failures="0" timestamp="2 Jul 2018 07:21:45 GMT" time="24.577" errors="0">
  <testcase name="Login" time="24.577" classname="page.test.LoginTest"/>
</testsuite> <!-- page.test.LoginTest -->
