<?xml version="1.0" encoding="UTF-8"?>
<!-- Generated by org.testng.reporters.JUnitReportReporter -->
<testsuite hostname="MAC019.local" name="page.test.SignupTest" tests="1" failures="0" timestamp="12 Jul 2018 07:39:47 GMT" time="0.164" errors="0">
  <testcase name="Signup" time="0.164" classname="page.test.SignupTest"/>
</testsuite> <!-- page.test.SignupTest -->
