<?xml version="1.0" encoding="UTF-8"?>
<!-- Generated by org.testng.reporters.JUnitReportReporter -->
<testsuite hostname="shweta-To-be-filled-by-O-E-M" name="page.test.AppOnBoardingTest" tests="1" failures="0" timestamp="14 Sep 2017 06:53:14 GMT" time="0.089" errors="0">
  <testcase name="AppOnBoardingScreen" time="0.089" classname="page.test.AppOnBoardingTest"/>
</testsuite> <!-- page.test.AppOnBoardingTest -->
